03-17-2016 @ 01:19:12 - Requesting token for order 46 with the following data: <?xml version="1.0" encoding="utf-8"?>
<EnviarInstrucao><InstrucaoUnica TipoValidacao="Transparente"><Razao><![CDATA[Order 46 - ES - Estudantes de Pós-Graduação  (com direito a registrar 1   trabalho) x 1]]></Razao><Valores moeda="BRL"><Valor>490.00</Valor></Valores><IdProprio>CONGRESSO-46</IdProprio><Pagador><Nome><![CDATA[Bruno Serrao]]></Nome><Email>brunosserrao@gmail.com</Email><IdPagador>brunosserrao@gmail.com</IdPagador><EnderecoCobranca><Logradouro><![CDATA[Rua Doutora Rosa Cabús]]></Logradouro><Numero>69</Numero><Bairro><![CDATA[Jatiúca]]></Bairro><Complemento><![CDATA[]]></Complemento><Cidade><![CDATA[Maceió]]></Cidade><Estado>AL</Estado><Pais>BRA</Pais><CEP>57035-825</CEP><TelefoneFixo>82999479757</TelefoneFixo></EnderecoCobranca></Pagador><FormasPagamento><FormaPagamento>BoletoBancario</FormaPagamento><FormaPagamento>CartaoCredito</FormaPagamento><FormaPagamento>DebitoBancario</FormaPagamento></FormasPagamento><Boleto><DiasExpiracao Tipo="Uteis">3</DiasExpiracao><Instrucao1><![CDATA[Pagamento em 3 dias úteis]]></Instrucao1><Instrucao2><![CDATA[Sr. Caixa, não receber após o vencimento.]]></Instrucao2></Boleto><Parcelamentos><Parcelamento><MinimoParcelas>2</MinimoParcelas><MaximoParcelas>4</MaximoParcelas><Recebimento>AVista</Recebimento><Repassar>true</Repassar></Parcelamento></Parcelamentos><URLNotificacao>http://localhost/congresso/?wc-api=WC_Moip_Gateway</URLNotificacao><URLRetorno><![CDATA[http://localhost/congresso/checkout/order-received/46?lang=es&key=wc_order_56ea30400611d]]></URLRetorno></InstrucaoUnica></EnviarInstrucao>

03-17-2016 @ 01:19:18 - Failed to generate the Moip Payment Token: SimpleXMLElement Object
(
    [@attributes] => Array
        (
            [Codigo] => 102
        )

    [0] => Id Próprio já foi utilizado em outra Instrução
)

03-17-2016 @ 01:19:18 - Generating transparent checkout for order 46
03-22-2016 @ 22:06:31 - Requesting token for order 47 with the following data: <?xml version="1.0" encoding="utf-8"?>
<EnviarInstrucao><InstrucaoUnica TipoValidacao="Transparente"><Razao><![CDATA[Pedido 47 - PT-BR - Estudantes de Pós-Graduação  (com direito a registrar 1   trabalho) x 1]]></Razao><Valores moeda="BRL"><Valor>490.00</Valor></Valores><IdProprio>CONGRESSO-47</IdProprio><Pagador><Nome><![CDATA[Bruno Serrao]]></Nome><Email>brunosserrao@gmail.com</Email><IdPagador>brunosserrao@gmail.com</IdPagador><EnderecoCobranca><Logradouro><![CDATA[Rua Doutora Rosa Cabús]]></Logradouro><Numero>69</Numero><Bairro><![CDATA[Jatiúca]]></Bairro><Complemento><![CDATA[]]></Complemento><Cidade><![CDATA[Maceió]]></Cidade><Estado>AL</Estado><Pais>BRA</Pais><CEP>57035-825</CEP><TelefoneFixo>82999479757</TelefoneFixo></EnderecoCobranca></Pagador><FormasPagamento><FormaPagamento>BoletoBancario</FormaPagamento><FormaPagamento>CartaoCredito</FormaPagamento><FormaPagamento>DebitoBancario</FormaPagamento></FormasPagamento><Boleto><DiasExpiracao Tipo="Uteis">3</DiasExpiracao><Instrucao1><![CDATA[Pagamento em 3 dias úteis]]></Instrucao1><Instrucao2><![CDATA[Sr. Caixa, não receber após o vencimento.]]></Instrucao2></Boleto><Parcelamentos><Parcelamento><MinimoParcelas>2</MinimoParcelas><MaximoParcelas>4</MaximoParcelas><Recebimento>AVista</Recebimento><Repassar>true</Repassar></Parcelamento></Parcelamentos><URLNotificacao>http://localhost/congresso/?wc-api=WC_Moip_Gateway</URLNotificacao><URLRetorno><![CDATA[http://localhost/congresso/?page_id=6&order-received=47&key=wc_order_56f1ec16c0dd8]]></URLRetorno></InstrucaoUnica></EnviarInstrucao>

03-22-2016 @ 22:06:40 - Moip Payment Token created with success! The Token is: 22B0C146S053W2Z2M2V2K076S3N5L6Q8C4B0H0L0X050915139U2W6C6A8B1
03-22-2016 @ 22:06:40 - Generating transparent checkout for order 47
04-08-2016 @ 01:13:06 - Requesting token for order 65 with the following data: <?xml version="1.0" encoding="utf-8"?>
<EnviarInstrucao><InstrucaoUnica TipoValidacao="Transparente"><Razao><![CDATA[Pedido 65 - PT-BR - Estudantes de Pós-Graduação  (com direito a registrar 1   trabalho) x 1, PT-BR - Estudantes Graduação (com  direito a registrar 1 trabalho) x 1]]></Razao><Valores moeda="BRL"><Valor>1180.00</Valor></Valores><IdProprio>CONGRESSO-65</IdProprio><Pagador><Nome><![CDATA[Bruno Serrao]]></Nome><Email>brunosserrao@gmail.com</Email><IdPagador>brunosserrao@gmail.com</IdPagador><EnderecoCobranca><Logradouro><![CDATA[Rua Doutora Rosa Cabús]]></Logradouro><Numero>0</Numero><Bairro><![CDATA[Não consta]]></Bairro><Complemento><![CDATA[]]></Complemento><Cidade><![CDATA[Maceió]]></Cidade><Estado>AL</Estado><Pais>BRA</Pais><CEP>57035-825</CEP><TelefoneFixo>82999479757</TelefoneFixo></EnderecoCobranca></Pagador><FormasPagamento><FormaPagamento>BoletoBancario</FormaPagamento><FormaPagamento>CartaoCredito</FormaPagamento><FormaPagamento>DebitoBancario</FormaPagamento></FormasPagamento><Boleto><DiasExpiracao Tipo="Uteis">3</DiasExpiracao><Instrucao1><![CDATA[Pagamento em 3 dias úteis]]></Instrucao1><Instrucao2><![CDATA[Sr. Caixa, não receber após o vencimento.]]></Instrucao2></Boleto><Parcelamentos><Parcelamento><MinimoParcelas>2</MinimoParcelas><MaximoParcelas>4</MaximoParcelas><Recebimento>AVista</Recebimento><Repassar>true</Repassar></Parcelamento></Parcelamentos><URLNotificacao>http://localhost/congresso/?wc-api=WC_Moip_Gateway</URLNotificacao><URLRetorno><![CDATA[http://localhost/congresso/?page_id=6&order-received=65&key=wc_order_57072fd212e4f]]></URLRetorno></InstrucaoUnica></EnviarInstrucao>

04-08-2016 @ 01:13:11 - Failed to generate the Moip Payment Token: SimpleXMLElement Object
(
    [@attributes] => Array
        (
            [Codigo] => 102
        )

    [0] => Id Próprio já foi utilizado em outra Instrução
)

04-08-2016 @ 01:13:11 - Generating transparent checkout for order 65
04-08-2016 @ 01:13:28 - Requesting token for order 66 with the following data: <?xml version="1.0" encoding="utf-8"?>
<EnviarInstrucao><InstrucaoUnica TipoValidacao="Transparente"><Razao><![CDATA[Pedido 66 - PT-BR - Estudantes de Pós-Graduação  (com direito a registrar 1   trabalho) x 1, PT-BR - Estudantes Graduação (com  direito a registrar 1 trabalho) x 1]]></Razao><Valores moeda="BRL"><Valor>1180.00</Valor></Valores><IdProprio>CONGRESSO-66</IdProprio><Pagador><Nome><![CDATA[Bruno Serrao]]></Nome><Email>brunosserrao@gmail.com</Email><IdPagador>brunosserrao@gmail.com</IdPagador><EnderecoCobranca><Logradouro><![CDATA[Rua Doutora Rosa Cabús]]></Logradouro><Numero>0</Numero><Bairro><![CDATA[Não consta]]></Bairro><Complemento><![CDATA[]]></Complemento><Cidade><![CDATA[Maceió]]></Cidade><Estado>AL</Estado><Pais>BRA</Pais><CEP>57035-825</CEP><TelefoneFixo>82999479757</TelefoneFixo></EnderecoCobranca></Pagador><FormasPagamento><FormaPagamento>BoletoBancario</FormaPagamento><FormaPagamento>CartaoCredito</FormaPagamento><FormaPagamento>DebitoBancario</FormaPagamento></FormasPagamento><Boleto><DiasExpiracao Tipo="Uteis">3</DiasExpiracao><Instrucao1><![CDATA[Pagamento em 3 dias úteis]]></Instrucao1><Instrucao2><![CDATA[Sr. Caixa, não receber após o vencimento.]]></Instrucao2></Boleto><Parcelamentos><Parcelamento><MinimoParcelas>2</MinimoParcelas><MaximoParcelas>4</MaximoParcelas><Recebimento>AVista</Recebimento><Repassar>true</Repassar></Parcelamento></Parcelamentos><URLNotificacao>http://localhost/congresso/?wc-api=WC_Moip_Gateway</URLNotificacao><URLRetorno><![CDATA[http://localhost/congresso/?page_id=6&order-received=66&key=wc_order_57072fe7c5522]]></URLRetorno></InstrucaoUnica></EnviarInstrucao>

04-08-2016 @ 01:13:32 - Failed to generate the Moip Payment Token: SimpleXMLElement Object
(
    [@attributes] => Array
        (
            [Codigo] => 102
        )

    [0] => Id Próprio já foi utilizado em outra Instrução
)

04-08-2016 @ 01:13:32 - Generating transparent checkout for order 66
04-11-2016 @ 20:38:11 - Requesting token for order 70 with the following data: <?xml version="1.0" encoding="utf-8"?>
<EnviarInstrucao><InstrucaoUnica TipoValidacao="Transparente"><Razao><![CDATA[Pedido 70 - PT-BR - Estudantes de Pós-Graduação  (com direito a registrar 1   trabalho) x 1]]></Razao><Valores moeda="BRL"><Valor>490.00</Valor></Valores><IdProprio>CONGRESSO-70</IdProprio><Pagador><Nome><![CDATA[Bruno Serrao]]></Nome><Email>brunosserrao@gmail.com</Email><IdPagador>brunosserrao@gmail.com</IdPagador><EnderecoCobranca><Logradouro><![CDATA[Rua Doutora Rosa Cabús]]></Logradouro><Numero>0</Numero><Bairro><![CDATA[Não consta]]></Bairro><Complemento><![CDATA[]]></Complemento><Cidade><![CDATA[Maceió]]></Cidade><Estado>AL</Estado><Pais>BRA</Pais><CEP>57035-825</CEP><TelefoneFixo>82999479757</TelefoneFixo></EnderecoCobranca></Pagador><FormasPagamento><FormaPagamento>BoletoBancario</FormaPagamento><FormaPagamento>CartaoCredito</FormaPagamento><FormaPagamento>DebitoBancario</FormaPagamento></FormasPagamento><Boleto><DiasExpiracao Tipo="Uteis">3</DiasExpiracao><Instrucao1><![CDATA[Pagamento em 3 dias úteis]]></Instrucao1><Instrucao2><![CDATA[Sr. Caixa, não receber após o vencimento.]]></Instrucao2></Boleto><Parcelamentos><Parcelamento><MinimoParcelas>2</MinimoParcelas><MaximoParcelas>4</MaximoParcelas><Recebimento>AVista</Recebimento><Repassar>true</Repassar></Parcelamento></Parcelamentos><URLNotificacao>https://pluris2016.fundepes.br/?wc-api=WC_Moip_Gateway</URLNotificacao><URLRetorno><![CDATA[https://pluris2016.fundepes.br/checkout/order-received/70?key=wc_order_570c35628bae4]]></URLRetorno></InstrucaoUnica></EnviarInstrucao>

04-11-2016 @ 20:38:15 - Failed to generate the Moip Payment Token: SimpleXMLElement Object
(
    [@attributes] => Array
        (
            [Codigo] => 102
        )

    [0] => Id Próprio já foi utilizado em outra Instrução
)

04-11-2016 @ 20:38:15 - Generating transparent checkout for order 70
04-11-2016 @ 21:12:08 - Requesting token for order 70 with the following data: <?xml version="1.0" encoding="utf-8"?>
<EnviarInstrucao><InstrucaoUnica TipoValidacao="Transparente"><Razao><![CDATA[Pedido 70 - PT-BR - Estudantes de Pós-Graduação  (com direito a registrar 1   trabalho) x 1]]></Razao><Valores moeda="BRL"><Valor>490.00</Valor></Valores><IdProprio>CONGRESSO-70</IdProprio><Pagador><Nome><![CDATA[Bruno Serrao]]></Nome><Email>brunosserrao@gmail.com</Email><IdPagador>brunosserrao@gmail.com</IdPagador><EnderecoCobranca><Logradouro><![CDATA[Rua Doutora Rosa Cabús]]></Logradouro><Numero>0</Numero><Bairro><![CDATA[Não consta]]></Bairro><Complemento><![CDATA[]]></Complemento><Cidade><![CDATA[Maceió]]></Cidade><Estado>AL</Estado><Pais>BRA</Pais><CEP>57035-825</CEP><TelefoneFixo>82999479757</TelefoneFixo></EnderecoCobranca></Pagador><FormasPagamento><FormaPagamento>BoletoBancario</FormaPagamento><FormaPagamento>CartaoCredito</FormaPagamento><FormaPagamento>DebitoBancario</FormaPagamento></FormasPagamento><Boleto><DiasExpiracao Tipo="Uteis">3</DiasExpiracao><Instrucao1><![CDATA[Pagamento em 3 dias úteis]]></Instrucao1><Instrucao2><![CDATA[Sr. Caixa, não receber após o vencimento.]]></Instrucao2></Boleto><Parcelamentos><Parcelamento><MinimoParcelas>2</MinimoParcelas><MaximoParcelas>4</MaximoParcelas><Recebimento>AVista</Recebimento><Repassar>true</Repassar></Parcelamento></Parcelamentos><URLNotificacao>https://pluris2016.fundepes.br/?wc-api=WC_Moip_Gateway</URLNotificacao><URLRetorno><![CDATA[https://pluris2016.fundepes.br/checkout/order-received/70?key=wc_order_570c35628bae4]]></URLRetorno></InstrucaoUnica></EnviarInstrucao>

04-11-2016 @ 21:12:12 - Failed to generate the Moip Payment Token: SimpleXMLElement Object
(
    [@attributes] => Array
        (
            [Codigo] => 102
        )

    [0] => Id Próprio já foi utilizado em outra Instrução
)

04-11-2016 @ 21:12:12 - Generating transparent checkout for order 70
04-11-2016 @ 21:14:25 - Requesting token for order 71 with the following data: <?xml version="1.0" encoding="utf-8"?>
<EnviarInstrucao><InstrucaoUnica TipoValidacao="Transparente"><Razao><![CDATA[Pedido 71 - PT-BR - Estudantes de Pós-Graduação  (com direito a registrar 1   trabalho) x 1]]></Razao><Valores moeda="BRL"><Valor>490.00</Valor></Valores><IdProprio>PLURIS2016-71</IdProprio><Pagador><Nome><![CDATA[Bruno Serrao]]></Nome><Email>brunosserrao@gmail.com</Email><IdPagador>brunosserrao@gmail.com</IdPagador><EnderecoCobranca><Logradouro><![CDATA[Rua Doutora Rosa Cabús]]></Logradouro><Numero>0</Numero><Bairro><![CDATA[Não consta]]></Bairro><Complemento><![CDATA[]]></Complemento><Cidade><![CDATA[Maceió]]></Cidade><Estado>AL</Estado><Pais>BRA</Pais><CEP>57035-825</CEP><TelefoneFixo>82999479757</TelefoneFixo></EnderecoCobranca></Pagador><FormasPagamento><FormaPagamento>BoletoBancario</FormaPagamento><FormaPagamento>CartaoCredito</FormaPagamento><FormaPagamento>DebitoBancario</FormaPagamento></FormasPagamento><Boleto><DiasExpiracao Tipo="Uteis">3</DiasExpiracao><Instrucao1><![CDATA[Pagamento em 3 dias úteis]]></Instrucao1><Instrucao2><![CDATA[Sr. Caixa, não receber após o vencimento.]]></Instrucao2></Boleto><Parcelamentos><Parcelamento><MinimoParcelas>2</MinimoParcelas><MaximoParcelas>4</MaximoParcelas><Recebimento>AVista</Recebimento><Repassar>true</Repassar></Parcelamento></Parcelamentos><URLNotificacao>https://pluris2016.fundepes.br/?wc-api=WC_Moip_Gateway</URLNotificacao><URLRetorno><![CDATA[https://pluris2016.fundepes.br/checkout/order-received/71?key=wc_order_570c3de05da21]]></URLRetorno></InstrucaoUnica></EnviarInstrucao>

04-11-2016 @ 21:14:29 - Moip Payment Token created with success! The Token is: R2V051B6U084J1Q1R2V1Y1N4K2B7C5M714V0V070J0U0Z1W169K6I9B1C9V6
04-11-2016 @ 21:14:29 - Generating transparent checkout for order 71
